*
%FSLAX26Y26*%
%MOIN*%
%ADD10C,0.011811*%
%ADD11C,0.059055*%
%ADD12C,0.017717*%
%ADD13C,0.029567*%
%ADD14C,0.120079*%
%ADD15C,0.043307*%
%IPPOS*%
%LNset.drill.out*%
%LPD*%
G75*
G54D10*
X7834419Y3983638D03*
X7807719Y4026568D03*
X7924069Y4010498D03*
X7941629Y3908458D03*
X8037059Y3910178D03*
X7707079Y3905468D03*
X7623659Y3896108D03*
X7503639Y3900358D03*
X7384469Y3898658D03*
X7278929Y3916538D03*
X7267009Y4026338D03*
X7723189Y4004318D03*
X7724809Y4055038D03*
Y4116498D03*
X7681109Y4136688D03*
X7727829Y4184238D03*
X7713969Y4265438D03*
X7734459Y4387868D03*
X7712609Y4450398D03*
X7722139Y4513278D03*
X7623089Y4513638D03*
X7517569Y4514058D03*
X7402669Y4513418D03*
X7276309Y4504648D03*
X7267869Y4410238D03*
Y4287668D03*
X7267009Y4157428D03*
X7450819Y4066128D03*
X7549789Y4145648D03*
X7449819Y4338808D03*
X7817779Y4285918D03*
X7854859Y4218578D03*
X7841959Y4157218D03*
X7933899Y4156128D03*
X7995379Y4111238D03*
X7997289Y4302088D03*
X7920229Y4265428D03*
X7920669Y4444118D03*
X7940729Y4505478D03*
X8040279Y4498658D03*
X7764389Y4230618D03*
G54D11*
X8016549Y4008658D03*
X8016599Y4205478D03*
X8016239Y4402218D03*
G54D12*
X7765799Y4471298D03*
X7891784Y4471303D03*
G54D13*
X7771737Y4477226D03*
X7885883Y4477214D03*
G54D12*
X7765799Y3939808D03*
X7891784Y3939803D03*
G54D13*
X7771706Y3933894D03*
X7885889Y3933909D03*
G54D10*
X7834419Y4719858D03*
X7807719Y4762788D03*
X7924069Y4746718D03*
X7941629Y4644678D03*
X8037059Y4646398D03*
X7707079Y4641688D03*
X7623659Y4632328D03*
X7503639Y4636578D03*
X7384469Y4634878D03*
X7278929Y4652758D03*
X7267009Y4762558D03*
X7723189Y4740538D03*
X7724809Y4791258D03*
Y4852718D03*
X7681109Y4872908D03*
X7727829Y4920458D03*
X7713969Y5001658D03*
X7734459Y5124088D03*
X7712609Y5186618D03*
X7722139Y5249498D03*
X7623089Y5249858D03*
X7517569Y5250278D03*
X7402669Y5249638D03*
X7276309Y5240868D03*
X7267869Y5146458D03*
Y5023888D03*
X7267009Y4893648D03*
X7450819Y4802348D03*
X7549789Y4881868D03*
X7449819Y5075028D03*
X7817779Y5022138D03*
X7854859Y4954798D03*
X7841959Y4893438D03*
X7933899Y4892348D03*
X7995379Y4847458D03*
X7997289Y5038308D03*
X7920229Y5001648D03*
X7920669Y5180338D03*
X7940729Y5241698D03*
X8040279Y5234878D03*
X7764389Y4966838D03*
G54D11*
X8016549Y4744878D03*
X8016599Y4941698D03*
X8016239Y5138438D03*
G54D12*
X7765799Y5207518D03*
X7891784Y5207523D03*
G54D13*
X7771737Y5213447D03*
X7885883Y5213435D03*
G54D12*
X7765799Y4676028D03*
X7891784Y4676023D03*
G54D13*
X7771706Y4670114D03*
X7885889Y4670129D03*
G54D10*
X7834419Y5456079D03*
X7807719Y5499009D03*
X7924069Y5482939D03*
X7941629Y5380899D03*
X8037059Y5382619D03*
X7707079Y5377909D03*
X7623659Y5368549D03*
X7503639Y5372799D03*
X7384469Y5371099D03*
X7278929Y5388979D03*
X7267009Y5498779D03*
X7723189Y5476759D03*
X7724809Y5527479D03*
Y5588939D03*
X7681109Y5609129D03*
X7727829Y5656679D03*
X7713969Y5737879D03*
X7734459Y5860309D03*
X7712609Y5922839D03*
X7722139Y5985719D03*
X7623089Y5986079D03*
X7517569Y5986499D03*
X7402669Y5985859D03*
X7276309Y5977089D03*
X7267869Y5882679D03*
Y5760109D03*
X7267009Y5629869D03*
X7450819Y5538569D03*
X7549789Y5618089D03*
X7449819Y5811249D03*
X7817779Y5758359D03*
X7854859Y5691019D03*
X7841959Y5629659D03*
X7933899Y5628569D03*
X7995379Y5583679D03*
X7997289Y5774529D03*
X7920229Y5737869D03*
X7920669Y5916559D03*
X7940729Y5977919D03*
X8040279Y5971099D03*
X7764389Y5703059D03*
G54D11*
X8016549Y5481099D03*
X8016599Y5677919D03*
X8016239Y5874659D03*
G54D12*
X7765799Y5943739D03*
X7891784Y5943744D03*
G54D13*
X7771737Y5949667D03*
X7885883Y5949655D03*
G54D12*
X7765799Y5412249D03*
X7891784Y5412244D03*
G54D13*
X7771706Y5406335D03*
X7885889Y5406350D03*
G54D10*
X7834419Y6192299D03*
X7807719Y6235229D03*
X7924069Y6219159D03*
X7941629Y6117119D03*
X8037059Y6118839D03*
X7707079Y6114129D03*
X7623659Y6104769D03*
X7503639Y6109019D03*
X7384469Y6107319D03*
X7278929Y6125199D03*
X7267009Y6234999D03*
X7723189Y6212979D03*
X7724809Y6263699D03*
Y6325159D03*
X7681109Y6345349D03*
X7727829Y6392899D03*
X7713969Y6474099D03*
X7734459Y6596529D03*
X7712609Y6659059D03*
X7722139Y6721939D03*
X7623089Y6722299D03*
X7517569Y6722719D03*
X7402669Y6722079D03*
X7276309Y6713309D03*
X7267869Y6618899D03*
Y6496329D03*
X7267009Y6366089D03*
X7450819Y6274789D03*
X7549789Y6354309D03*
X7449819Y6547469D03*
X7817779Y6494579D03*
X7854859Y6427239D03*
X7841959Y6365879D03*
X7933899Y6364789D03*
X7995379Y6319899D03*
X7997289Y6510749D03*
X7920229Y6474089D03*
X7920669Y6652779D03*
X7940729Y6714139D03*
X8040279Y6707319D03*
X7764389Y6439279D03*
G54D11*
X8016549Y6217319D03*
X8016599Y6414139D03*
X8016239Y6610879D03*
G54D12*
X7765799Y6679959D03*
X7891784Y6679964D03*
G54D13*
X7771737Y6685888D03*
X7885883Y6685875D03*
G54D12*
X7765799Y6148469D03*
X7891784Y6148464D03*
G54D13*
X7771706Y6142555D03*
X7885889Y6142570D03*
G54D10*
X7834419Y6928520D03*
X7807719Y6971450D03*
X7924069Y6955380D03*
X7941629Y6853340D03*
X8037059Y6855060D03*
X7707079Y6850350D03*
X7623659Y6840990D03*
X7503639Y6845240D03*
X7384469Y6843540D03*
X7278929Y6861420D03*
X7267009Y6971220D03*
X7723189Y6949200D03*
X7724809Y6999920D03*
Y7061380D03*
X7681109Y7081570D03*
X7727829Y7129120D03*
X7713969Y7210320D03*
X7734459Y7332750D03*
X7712609Y7395280D03*
X7722139Y7458160D03*
X7623089Y7458520D03*
X7517569Y7458940D03*
X7402669Y7458300D03*
X7276309Y7449530D03*
X7267869Y7355120D03*
Y7232550D03*
X7267009Y7102310D03*
X7450819Y7011010D03*
X7549789Y7090530D03*
X7449819Y7283690D03*
X7817779Y7230800D03*
X7854859Y7163460D03*
X7841959Y7102100D03*
X7933899Y7101010D03*
X7995379Y7056120D03*
X7997289Y7246970D03*
X7920229Y7210310D03*
X7920669Y7389000D03*
X7940729Y7450360D03*
X8040279Y7443540D03*
X7764389Y7175500D03*
G54D11*
X8016549Y6953540D03*
X8016599Y7150360D03*
X8016239Y7347100D03*
G54D12*
X7765799Y7416180D03*
X7891784Y7416185D03*
G54D13*
X7771737Y7422108D03*
X7885883Y7422096D03*
G54D12*
X7765799Y6884690D03*
X7891784Y6884685D03*
G54D13*
X7771706Y6878776D03*
X7885889Y6878791D03*
G54D10*
X7834419Y7664740D03*
X7807719Y7707670D03*
X7924069Y7691600D03*
X7941629Y7589560D03*
X8037059Y7591280D03*
X7707079Y7586570D03*
X7623659Y7577210D03*
X7503639Y7581460D03*
X7384469Y7579760D03*
X7278929Y7597640D03*
X7267009Y7707440D03*
X7723189Y7685420D03*
X7724809Y7736140D03*
Y7797600D03*
X7681109Y7817790D03*
X7727829Y7865340D03*
X7713969Y7946540D03*
X7734459Y8068970D03*
X7712609Y8131500D03*
X7722139Y8194380D03*
X7623089Y8194740D03*
X7517569Y8195160D03*
X7402669Y8194520D03*
X7276309Y8185750D03*
X7267869Y8091340D03*
Y7968770D03*
X7267009Y7838530D03*
X7450819Y7747230D03*
X7549789Y7826750D03*
X7449819Y8019910D03*
X7817779Y7967020D03*
X7854859Y7899680D03*
X7841959Y7838320D03*
X7933899Y7837230D03*
X7995379Y7792340D03*
X7997289Y7983190D03*
X7920229Y7946530D03*
X7920669Y8125220D03*
X7940729Y8186580D03*
X8040279Y8179760D03*
X7764389Y7911720D03*
G54D11*
X8016549Y7689760D03*
X8016599Y7886580D03*
X8016239Y8083320D03*
G54D12*
X7765799Y8152400D03*
X7891784Y8152405D03*
G54D13*
X7771737Y8158329D03*
X7885883Y8158316D03*
G54D12*
X7765799Y7620910D03*
X7891784Y7620905D03*
G54D13*
X7771706Y7614996D03*
X7885889Y7615011D03*
G54D10*
X7834419Y8400961D03*
X7807719Y8443891D03*
X7924069Y8427821D03*
X7941629Y8325781D03*
X8037059Y8327501D03*
X7707079Y8322791D03*
X7623659Y8313431D03*
X7503639Y8317681D03*
X7384469Y8315981D03*
X7278929Y8333861D03*
X7267009Y8443661D03*
X7723189Y8421641D03*
X7724809Y8472361D03*
Y8533821D03*
X7681109Y8554011D03*
X7727829Y8601561D03*
X7713969Y8682761D03*
X7734459Y8805191D03*
X7712609Y8867721D03*
X7722139Y8930601D03*
X7623089Y8930961D03*
X7517569Y8931381D03*
X7402669Y8930741D03*
X7276309Y8921971D03*
X7267869Y8827561D03*
Y8704991D03*
X7267009Y8574751D03*
X7450819Y8483451D03*
X7549789Y8562971D03*
X7449819Y8756131D03*
X7817779Y8703241D03*
X7854859Y8635901D03*
X7841959Y8574541D03*
X7933899Y8573451D03*
X7995379Y8528561D03*
X7997289Y8719411D03*
X7920229Y8682751D03*
X7920669Y8861441D03*
X7940729Y8922801D03*
X8040279Y8915981D03*
X7764389Y8647941D03*
G54D11*
X8016549Y8425981D03*
X8016599Y8622801D03*
X8016239Y8819541D03*
G54D12*
X7765799Y8888621D03*
X7891784Y8888625D03*
G54D13*
X7771737Y8894549D03*
X7885883Y8894537D03*
G54D12*
X7765799Y8357131D03*
X7891784Y8357126D03*
G54D13*
X7771706Y8351217D03*
X7885889Y8351231D03*
G54D10*
X8743868Y3983638D03*
X8717168Y4026568D03*
X8833518Y4010498D03*
X8851078Y3908458D03*
X8946508Y3910178D03*
X8616528Y3905468D03*
X8533108Y3896108D03*
X8413088Y3900358D03*
X8293918Y3898658D03*
X8188378Y3916538D03*
X8176458Y4026338D03*
X8632638Y4004318D03*
X8634258Y4055038D03*
Y4116498D03*
X8590558Y4136688D03*
X8637278Y4184238D03*
X8623418Y4265438D03*
X8643908Y4387868D03*
X8622058Y4450398D03*
X8631588Y4513278D03*
X8532538Y4513638D03*
X8427018Y4514058D03*
X8312118Y4513418D03*
X8185758Y4504648D03*
X8177318Y4410238D03*
Y4287668D03*
X8176458Y4157428D03*
X8360268Y4066128D03*
X8459238Y4145648D03*
X8359268Y4338808D03*
X8727228Y4285918D03*
X8764308Y4218578D03*
X8751408Y4157218D03*
X8843348Y4156128D03*
X8904828Y4111238D03*
X8906738Y4302088D03*
X8829678Y4265428D03*
X8830118Y4444118D03*
X8850178Y4505478D03*
X8949728Y4498658D03*
X8673838Y4230618D03*
G54D11*
X8925998Y4008658D03*
X8926048Y4205478D03*
X8925688Y4402218D03*
G54D12*
X8675248Y4471298D03*
X8801233Y4471303D03*
G54D13*
X8681186Y4477226D03*
X8795332Y4477214D03*
G54D12*
X8675248Y3939808D03*
X8801233Y3939803D03*
G54D13*
X8681155Y3933894D03*
X8795338Y3933909D03*
G54D10*
X8743868Y4719858D03*
X8717168Y4762788D03*
X8833518Y4746718D03*
X8851078Y4644678D03*
X8946508Y4646398D03*
X8616528Y4641688D03*
X8533108Y4632328D03*
X8413088Y4636578D03*
X8293918Y4634878D03*
X8188378Y4652758D03*
X8176458Y4762558D03*
X8632638Y4740538D03*
X8634258Y4791258D03*
Y4852718D03*
X8590558Y4872908D03*
X8637278Y4920458D03*
X8623418Y5001658D03*
X8643908Y5124088D03*
X8622058Y5186618D03*
X8631588Y5249498D03*
X8532538Y5249858D03*
X8427018Y5250278D03*
X8312118Y5249638D03*
X8185758Y5240868D03*
X8177318Y5146458D03*
Y5023888D03*
X8176458Y4893648D03*
X8360268Y4802348D03*
X8459238Y4881868D03*
X8359268Y5075028D03*
X8727228Y5022138D03*
X8764308Y4954798D03*
X8751408Y4893438D03*
X8843348Y4892348D03*
X8904828Y4847458D03*
X8906738Y5038308D03*
X8829678Y5001648D03*
X8830118Y5180338D03*
X8850178Y5241698D03*
X8949728Y5234878D03*
X8673838Y4966838D03*
G54D11*
X8925998Y4744878D03*
X8926048Y4941698D03*
X8925688Y5138438D03*
G54D12*
X8675248Y5207518D03*
X8801233Y5207523D03*
G54D13*
X8681186Y5213447D03*
X8795332Y5213435D03*
G54D12*
X8675248Y4676028D03*
X8801233Y4676023D03*
G54D13*
X8681155Y4670114D03*
X8795338Y4670129D03*
G54D10*
X8743868Y5456079D03*
X8717168Y5499009D03*
X8833518Y5482939D03*
X8851078Y5380899D03*
X8946508Y5382619D03*
X8616528Y5377909D03*
X8533108Y5368549D03*
X8413088Y5372799D03*
X8293918Y5371099D03*
X8188378Y5388979D03*
X8176458Y5498779D03*
X8632638Y5476759D03*
X8634258Y5527479D03*
Y5588939D03*
X8590558Y5609129D03*
X8637278Y5656679D03*
X8623418Y5737879D03*
X8643908Y5860309D03*
X8622058Y5922839D03*
X8631588Y5985719D03*
X8532538Y5986079D03*
X8427018Y5986499D03*
X8312118Y5985859D03*
X8185758Y5977089D03*
X8177318Y5882679D03*
Y5760109D03*
X8176458Y5629869D03*
X8360268Y5538569D03*
X8459238Y5618089D03*
X8359268Y5811249D03*
X8727228Y5758359D03*
X8764308Y5691019D03*
X8751408Y5629659D03*
X8843348Y5628569D03*
X8904828Y5583679D03*
X8906738Y5774529D03*
X8829678Y5737869D03*
X8830118Y5916559D03*
X8850178Y5977919D03*
X8949728Y5971099D03*
X8673838Y5703059D03*
G54D11*
X8925998Y5481099D03*
X8926048Y5677919D03*
X8925688Y5874659D03*
G54D12*
X8675248Y5943739D03*
X8801233Y5943744D03*
G54D13*
X8681186Y5949667D03*
X8795332Y5949655D03*
G54D12*
X8675248Y5412249D03*
X8801233Y5412244D03*
G54D13*
X8681155Y5406335D03*
X8795338Y5406350D03*
G54D10*
X8743868Y6192299D03*
X8717168Y6235229D03*
X8833518Y6219159D03*
X8851078Y6117119D03*
X8946508Y6118839D03*
X8616528Y6114129D03*
X8533108Y6104769D03*
X8413088Y6109019D03*
X8293918Y6107319D03*
X8188378Y6125199D03*
X8176458Y6234999D03*
X8632638Y6212979D03*
X8634258Y6263699D03*
Y6325159D03*
X8590558Y6345349D03*
X8637278Y6392899D03*
X8623418Y6474099D03*
X8643908Y6596529D03*
X8622058Y6659059D03*
X8631588Y6721939D03*
X8532538Y6722299D03*
X8427018Y6722719D03*
X8312118Y6722079D03*
X8185758Y6713309D03*
X8177318Y6618899D03*
Y6496329D03*
X8176458Y6366089D03*
X8360268Y6274789D03*
X8459238Y6354309D03*
X8359268Y6547469D03*
X8727228Y6494579D03*
X8764308Y6427239D03*
X8751408Y6365879D03*
X8843348Y6364789D03*
X8904828Y6319899D03*
X8906738Y6510749D03*
X8829678Y6474089D03*
X8830118Y6652779D03*
X8850178Y6714139D03*
X8949728Y6707319D03*
X8673838Y6439279D03*
G54D11*
X8925998Y6217319D03*
X8926048Y6414139D03*
X8925688Y6610879D03*
G54D12*
X8675248Y6679959D03*
X8801233Y6679964D03*
G54D13*
X8681186Y6685888D03*
X8795332Y6685875D03*
G54D12*
X8675248Y6148469D03*
X8801233Y6148464D03*
G54D13*
X8681155Y6142555D03*
X8795338Y6142570D03*
G54D10*
X8743868Y6928520D03*
X8717168Y6971450D03*
X8833518Y6955380D03*
X8851078Y6853340D03*
X8946508Y6855060D03*
X8616528Y6850350D03*
X8533108Y6840990D03*
X8413088Y6845240D03*
X8293918Y6843540D03*
X8188378Y6861420D03*
X8176458Y6971220D03*
X8632638Y6949200D03*
X8634258Y6999920D03*
Y7061380D03*
X8590558Y7081570D03*
X8637278Y7129120D03*
X8623418Y7210320D03*
X8643908Y7332750D03*
X8622058Y7395280D03*
X8631588Y7458160D03*
X8532538Y7458520D03*
X8427018Y7458940D03*
X8312118Y7458300D03*
X8185758Y7449530D03*
X8177318Y7355120D03*
Y7232550D03*
X8176458Y7102310D03*
X8360268Y7011010D03*
X8459238Y7090530D03*
X8359268Y7283690D03*
X8727228Y7230800D03*
X8764308Y7163460D03*
X8751408Y7102100D03*
X8843348Y7101010D03*
X8904828Y7056120D03*
X8906738Y7246970D03*
X8829678Y7210310D03*
X8830118Y7389000D03*
X8850178Y7450360D03*
X8949728Y7443540D03*
X8673838Y7175500D03*
G54D11*
X8925998Y6953540D03*
X8926048Y7150360D03*
X8925688Y7347100D03*
G54D12*
X8675248Y7416180D03*
X8801233Y7416185D03*
G54D13*
X8681186Y7422108D03*
X8795332Y7422096D03*
G54D12*
X8675248Y6884690D03*
X8801233Y6884685D03*
G54D13*
X8681155Y6878776D03*
X8795338Y6878791D03*
G54D10*
X8743868Y7664740D03*
X8717168Y7707670D03*
X8833518Y7691600D03*
X8851078Y7589560D03*
X8946508Y7591280D03*
X8616528Y7586570D03*
X8533108Y7577210D03*
X8413088Y7581460D03*
X8293918Y7579760D03*
X8188378Y7597640D03*
X8176458Y7707440D03*
X8632638Y7685420D03*
X8634258Y7736140D03*
Y7797600D03*
X8590558Y7817790D03*
X8637278Y7865340D03*
X8623418Y7946540D03*
X8643908Y8068970D03*
X8622058Y8131500D03*
X8631588Y8194380D03*
X8532538Y8194740D03*
X8427018Y8195160D03*
X8312118Y8194520D03*
X8185758Y8185750D03*
X8177318Y8091340D03*
Y7968770D03*
X8176458Y7838530D03*
X8360268Y7747230D03*
X8459238Y7826750D03*
X8359268Y8019910D03*
X8727228Y7967020D03*
X8764308Y7899680D03*
X8751408Y7838320D03*
X8843348Y7837230D03*
X8904828Y7792340D03*
X8906738Y7983190D03*
X8829678Y7946530D03*
X8830118Y8125220D03*
X8850178Y8186580D03*
X8949728Y8179760D03*
X8673838Y7911720D03*
G54D11*
X8925998Y7689760D03*
X8926048Y7886580D03*
X8925688Y8083320D03*
G54D12*
X8675248Y8152400D03*
X8801233Y8152405D03*
G54D13*
X8681186Y8158329D03*
X8795332Y8158316D03*
G54D12*
X8675248Y7620910D03*
X8801233Y7620905D03*
G54D13*
X8681155Y7614996D03*
X8795338Y7615011D03*
G54D10*
X8743868Y8400961D03*
X8717168Y8443891D03*
X8833518Y8427821D03*
X8851078Y8325781D03*
X8946508Y8327501D03*
X8616528Y8322791D03*
X8533108Y8313431D03*
X8413088Y8317681D03*
X8293918Y8315981D03*
X8188378Y8333861D03*
X8176458Y8443661D03*
X8632638Y8421641D03*
X8634258Y8472361D03*
Y8533821D03*
X8590558Y8554011D03*
X8637278Y8601561D03*
X8623418Y8682761D03*
X8643908Y8805191D03*
X8622058Y8867721D03*
X8631588Y8930601D03*
X8532538Y8930961D03*
X8427018Y8931381D03*
X8312118Y8930741D03*
X8185758Y8921971D03*
X8177318Y8827561D03*
Y8704991D03*
X8176458Y8574751D03*
X8360268Y8483451D03*
X8459238Y8562971D03*
X8359268Y8756131D03*
X8727228Y8703241D03*
X8764308Y8635901D03*
X8751408Y8574541D03*
X8843348Y8573451D03*
X8904828Y8528561D03*
X8906738Y8719411D03*
X8829678Y8682751D03*
X8830118Y8861441D03*
X8850178Y8922801D03*
X8949728Y8915981D03*
X8673838Y8647941D03*
G54D11*
X8925998Y8425981D03*
X8926048Y8622801D03*
X8925688Y8819541D03*
G54D12*
X8675248Y8888621D03*
X8801233Y8888625D03*
G54D13*
X8681186Y8894549D03*
X8795332Y8894537D03*
G54D12*
X8675248Y8357131D03*
X8801233Y8357126D03*
G54D13*
X8681155Y8351217D03*
X8795338Y8351231D03*
G54D10*
X9653317Y3983638D03*
X9626617Y4026568D03*
X9742967Y4010498D03*
X9760527Y3908458D03*
X9855957Y3910178D03*
X9525977Y3905468D03*
X9442557Y3896108D03*
X9322537Y3900358D03*
X9203367Y3898658D03*
X9097827Y3916538D03*
X9085907Y4026338D03*
X9542087Y4004318D03*
X9543707Y4055038D03*
Y4116498D03*
X9500007Y4136688D03*
X9546727Y4184238D03*
X9532867Y4265438D03*
X9553357Y4387868D03*
X9531507Y4450398D03*
X9541037Y4513278D03*
X9441987Y4513638D03*
X9336467Y4514058D03*
X9221567Y4513418D03*
X9095207Y4504648D03*
X9086767Y4410238D03*
Y4287668D03*
X9085907Y4157428D03*
X9269717Y4066128D03*
X9368687Y4145648D03*
X9268717Y4338808D03*
X9636677Y4285918D03*
X9673757Y4218578D03*
X9660857Y4157218D03*
X9752797Y4156128D03*
X9814277Y4111238D03*
X9816187Y4302088D03*
X9739127Y4265428D03*
X9739567Y4444118D03*
X9759627Y4505478D03*
X9859177Y4498658D03*
X9583287Y4230618D03*
G54D11*
X9835447Y4008658D03*
X9835497Y4205478D03*
X9835137Y4402218D03*
G54D12*
X9584697Y4471298D03*
X9710682Y4471303D03*
G54D13*
X9590635Y4477226D03*
X9704781Y4477214D03*
G54D12*
X9584697Y3939808D03*
X9710682Y3939803D03*
G54D13*
X9590604Y3933894D03*
X9704787Y3933909D03*
G54D10*
X9653317Y4719858D03*
X9626617Y4762788D03*
X9742967Y4746718D03*
X9760527Y4644678D03*
X9855957Y4646398D03*
X9525977Y4641688D03*
X9442557Y4632328D03*
X9322537Y4636578D03*
X9203367Y4634878D03*
X9097827Y4652758D03*
X9085907Y4762558D03*
X9542087Y4740538D03*
X9543707Y4791258D03*
Y4852718D03*
X9500007Y4872908D03*
X9546727Y4920458D03*
X9532867Y5001658D03*
X9553357Y5124088D03*
X9531507Y5186618D03*
X9541037Y5249498D03*
X9441987Y5249858D03*
X9336467Y5250278D03*
X9221567Y5249638D03*
X9095207Y5240868D03*
X9086767Y5146458D03*
Y5023888D03*
X9085907Y4893648D03*
X9269717Y4802348D03*
X9368687Y4881868D03*
X9268717Y5075028D03*
X9636677Y5022138D03*
X9673757Y4954798D03*
X9660857Y4893438D03*
X9752797Y4892348D03*
X9814277Y4847458D03*
X9816187Y5038308D03*
X9739127Y5001648D03*
X9739567Y5180338D03*
X9759627Y5241698D03*
X9859177Y5234878D03*
X9583287Y4966838D03*
G54D11*
X9835447Y4744878D03*
X9835497Y4941698D03*
X9835137Y5138438D03*
G54D12*
X9584697Y5207518D03*
X9710682Y5207523D03*
G54D13*
X9590635Y5213447D03*
X9704781Y5213435D03*
G54D12*
X9584697Y4676028D03*
X9710682Y4676023D03*
G54D13*
X9590604Y4670114D03*
X9704787Y4670129D03*
G54D10*
X9653317Y5456079D03*
X9626617Y5499009D03*
X9742967Y5482939D03*
X9760527Y5380899D03*
X9855957Y5382619D03*
X9525977Y5377909D03*
X9442557Y5368549D03*
X9322537Y5372799D03*
X9203367Y5371099D03*
X9097827Y5388979D03*
X9085907Y5498779D03*
X9542087Y5476759D03*
X9543707Y5527479D03*
Y5588939D03*
X9500007Y5609129D03*
X9546727Y5656679D03*
X9532867Y5737879D03*
X9553357Y5860309D03*
X9531507Y5922839D03*
X9541037Y5985719D03*
X9441987Y5986079D03*
X9336467Y5986499D03*
X9221567Y5985859D03*
X9095207Y5977089D03*
X9086767Y5882679D03*
Y5760109D03*
X9085907Y5629869D03*
X9269717Y5538569D03*
X9368687Y5618089D03*
X9268717Y5811249D03*
X9636677Y5758359D03*
X9673757Y5691019D03*
X9660857Y5629659D03*
X9752797Y5628569D03*
X9814277Y5583679D03*
X9816187Y5774529D03*
X9739127Y5737869D03*
X9739567Y5916559D03*
X9759627Y5977919D03*
X9859177Y5971099D03*
X9583287Y5703059D03*
G54D11*
X9835447Y5481099D03*
X9835497Y5677919D03*
X9835137Y5874659D03*
G54D12*
X9584697Y5943739D03*
X9710682Y5943744D03*
G54D13*
X9590635Y5949667D03*
X9704781Y5949655D03*
G54D12*
X9584697Y5412249D03*
X9710682Y5412244D03*
G54D13*
X9590604Y5406335D03*
X9704787Y5406350D03*
G54D10*
X9653317Y6192299D03*
X9626617Y6235229D03*
X9742967Y6219159D03*
X9760527Y6117119D03*
X9855957Y6118839D03*
X9525977Y6114129D03*
X9442557Y6104769D03*
X9322537Y6109019D03*
X9203367Y6107319D03*
X9097827Y6125199D03*
X9085907Y6234999D03*
X9542087Y6212979D03*
X9543707Y6263699D03*
Y6325159D03*
X9500007Y6345349D03*
X9546727Y6392899D03*
X9532867Y6474099D03*
X9553357Y6596529D03*
X9531507Y6659059D03*
X9541037Y6721939D03*
X9441987Y6722299D03*
X9336467Y6722719D03*
X9221567Y6722079D03*
X9095207Y6713309D03*
X9086767Y6618899D03*
Y6496329D03*
X9085907Y6366089D03*
X9269717Y6274789D03*
X9368687Y6354309D03*
X9268717Y6547469D03*
X9636677Y6494579D03*
X9673757Y6427239D03*
X9660857Y6365879D03*
X9752797Y6364789D03*
X9814277Y6319899D03*
X9816187Y6510749D03*
X9739127Y6474089D03*
X9739567Y6652779D03*
X9759627Y6714139D03*
X9859177Y6707319D03*
X9583287Y6439279D03*
G54D11*
X9835447Y6217319D03*
X9835497Y6414139D03*
X9835137Y6610879D03*
G54D12*
X9584697Y6679959D03*
X9710682Y6679964D03*
G54D13*
X9590635Y6685888D03*
X9704781Y6685875D03*
G54D12*
X9584697Y6148469D03*
X9710682Y6148464D03*
G54D13*
X9590604Y6142555D03*
X9704787Y6142570D03*
G54D10*
X9653317Y6928520D03*
X9626617Y6971450D03*
X9742967Y6955380D03*
X9760527Y6853340D03*
X9855957Y6855060D03*
X9525977Y6850350D03*
X9442557Y6840990D03*
X9322537Y6845240D03*
X9203367Y6843540D03*
X9097827Y6861420D03*
X9085907Y6971220D03*
X9542087Y6949200D03*
X9543707Y6999920D03*
Y7061380D03*
X9500007Y7081570D03*
X9546727Y7129120D03*
X9532867Y7210320D03*
X9553357Y7332750D03*
X9531507Y7395280D03*
X9541037Y7458160D03*
X9441987Y7458520D03*
X9336467Y7458940D03*
X9221567Y7458300D03*
X9095207Y7449530D03*
X9086767Y7355120D03*
Y7232550D03*
X9085907Y7102310D03*
X9269717Y7011010D03*
X9368687Y7090530D03*
X9268717Y7283690D03*
X9636677Y7230800D03*
X9673757Y7163460D03*
X9660857Y7102100D03*
X9752797Y7101010D03*
X9814277Y7056120D03*
X9816187Y7246970D03*
X9739127Y7210310D03*
X9739567Y7389000D03*
X9759627Y7450360D03*
X9859177Y7443540D03*
X9583287Y7175500D03*
G54D11*
X9835447Y6953540D03*
X9835497Y7150360D03*
X9835137Y7347100D03*
G54D12*
X9584697Y7416180D03*
X9710682Y7416185D03*
G54D13*
X9590635Y7422108D03*
X9704781Y7422096D03*
G54D12*
X9584697Y6884690D03*
X9710682Y6884685D03*
G54D13*
X9590604Y6878776D03*
X9704787Y6878791D03*
G54D10*
X9653317Y7664740D03*
X9626617Y7707670D03*
X9742967Y7691600D03*
X9760527Y7589560D03*
X9855957Y7591280D03*
X9525977Y7586570D03*
X9442557Y7577210D03*
X9322537Y7581460D03*
X9203367Y7579760D03*
X9097827Y7597640D03*
X9085907Y7707440D03*
X9542087Y7685420D03*
X9543707Y7736140D03*
Y7797600D03*
X9500007Y7817790D03*
X9546727Y7865340D03*
X9532867Y7946540D03*
X9553357Y8068970D03*
X9531507Y8131500D03*
X9541037Y8194380D03*
X9441987Y8194740D03*
X9336467Y8195160D03*
X9221567Y8194520D03*
X9095207Y8185750D03*
X9086767Y8091340D03*
Y7968770D03*
X9085907Y7838530D03*
X9269717Y7747230D03*
X9368687Y7826750D03*
X9268717Y8019910D03*
X9636677Y7967020D03*
X9673757Y7899680D03*
X9660857Y7838320D03*
X9752797Y7837230D03*
X9814277Y7792340D03*
X9816187Y7983190D03*
X9739127Y7946530D03*
X9739567Y8125220D03*
X9759627Y8186580D03*
X9859177Y8179760D03*
X9583287Y7911720D03*
G54D11*
X9835447Y7689760D03*
X9835497Y7886580D03*
X9835137Y8083320D03*
G54D12*
X9584697Y8152400D03*
X9710682Y8152405D03*
G54D13*
X9590635Y8158329D03*
X9704781Y8158316D03*
G54D12*
X9584697Y7620910D03*
X9710682Y7620905D03*
G54D13*
X9590604Y7614996D03*
X9704787Y7615011D03*
G54D10*
X9653317Y8400961D03*
X9626617Y8443891D03*
X9742967Y8427821D03*
X9760527Y8325781D03*
X9855957Y8327501D03*
X9525977Y8322791D03*
X9442557Y8313431D03*
X9322537Y8317681D03*
X9203367Y8315981D03*
X9097827Y8333861D03*
X9085907Y8443661D03*
X9542087Y8421641D03*
X9543707Y8472361D03*
Y8533821D03*
X9500007Y8554011D03*
X9546727Y8601561D03*
X9532867Y8682761D03*
X9553357Y8805191D03*
X9531507Y8867721D03*
X9541037Y8930601D03*
X9441987Y8930961D03*
X9336467Y8931381D03*
X9221567Y8930741D03*
X9095207Y8921971D03*
X9086767Y8827561D03*
Y8704991D03*
X9085907Y8574751D03*
X9269717Y8483451D03*
X9368687Y8562971D03*
X9268717Y8756131D03*
X9636677Y8703241D03*
X9673757Y8635901D03*
X9660857Y8574541D03*
X9752797Y8573451D03*
X9814277Y8528561D03*
X9816187Y8719411D03*
X9739127Y8682751D03*
X9739567Y8861441D03*
X9759627Y8922801D03*
X9859177Y8915981D03*
X9583287Y8647941D03*
G54D11*
X9835447Y8425981D03*
X9835497Y8622801D03*
X9835137Y8819541D03*
G54D12*
X9584697Y8888621D03*
X9710682Y8888625D03*
G54D13*
X9590635Y8894549D03*
X9704781Y8894537D03*
G54D12*
X9584697Y8357131D03*
X9710682Y8357126D03*
G54D13*
X9590604Y8351217D03*
X9704787Y8351231D03*
G54D10*
X10562766Y3983638D03*
X10536066Y4026568D03*
X10652416Y4010498D03*
X10669976Y3908458D03*
X10765406Y3910178D03*
X10435426Y3905468D03*
X10352006Y3896108D03*
X10231986Y3900358D03*
X10112816Y3898658D03*
X10007276Y3916538D03*
X9995356Y4026338D03*
X10451536Y4004318D03*
X10453156Y4055038D03*
Y4116498D03*
X10409456Y4136688D03*
X10456176Y4184238D03*
X10442316Y4265438D03*
X10462806Y4387868D03*
X10440956Y4450398D03*
X10450486Y4513278D03*
X10351436Y4513638D03*
X10245916Y4514058D03*
X10131016Y4513418D03*
X10004656Y4504648D03*
X9996216Y4410238D03*
Y4287668D03*
X9995356Y4157428D03*
X10179166Y4066128D03*
X10278136Y4145648D03*
X10178166Y4338808D03*
X10546126Y4285918D03*
X10583206Y4218578D03*
X10570306Y4157218D03*
X10662246Y4156128D03*
X10723726Y4111238D03*
X10725636Y4302088D03*
X10648576Y4265428D03*
X10649016Y4444118D03*
X10669076Y4505478D03*
X10768626Y4498658D03*
X10492736Y4230618D03*
G54D11*
X10744896Y4008658D03*
X10744946Y4205478D03*
X10744586Y4402218D03*
G54D12*
X10494146Y4471298D03*
X10620131Y4471303D03*
G54D13*
X10500084Y4477226D03*
X10614230Y4477214D03*
G54D12*
X10494146Y3939808D03*
X10620131Y3939803D03*
G54D13*
X10500053Y3933894D03*
X10614235Y3933909D03*
G54D10*
X10562766Y4719858D03*
X10536066Y4762788D03*
X10652416Y4746718D03*
X10669976Y4644678D03*
X10765406Y4646398D03*
X10435426Y4641688D03*
X10352006Y4632328D03*
X10231986Y4636578D03*
X10112816Y4634878D03*
X10007276Y4652758D03*
X9995356Y4762558D03*
X10451536Y4740538D03*
X10453156Y4791258D03*
Y4852718D03*
X10409456Y4872908D03*
X10456176Y4920458D03*
X10442316Y5001658D03*
X10462806Y5124088D03*
X10440956Y5186618D03*
X10450486Y5249498D03*
X10351436Y5249858D03*
X10245916Y5250278D03*
X10131016Y5249638D03*
X10004656Y5240868D03*
X9996216Y5146458D03*
Y5023888D03*
X9995356Y4893648D03*
X10179166Y4802348D03*
X10278136Y4881868D03*
X10178166Y5075028D03*
X10546126Y5022138D03*
X10583206Y4954798D03*
X10570306Y4893438D03*
X10662246Y4892348D03*
X10723726Y4847458D03*
X10725636Y5038308D03*
X10648576Y5001648D03*
X10649016Y5180338D03*
X10669076Y5241698D03*
X10768626Y5234878D03*
X10492736Y4966838D03*
G54D11*
X10744896Y4744878D03*
X10744946Y4941698D03*
X10744586Y5138438D03*
G54D12*
X10494146Y5207518D03*
X10620131Y5207523D03*
G54D13*
X10500084Y5213447D03*
X10614230Y5213435D03*
G54D12*
X10494146Y4676028D03*
X10620131Y4676023D03*
G54D13*
X10500053Y4670114D03*
X10614235Y4670129D03*
G54D10*
X10562766Y5456079D03*
X10536066Y5499009D03*
X10652416Y5482939D03*
X10669976Y5380899D03*
X10765406Y5382619D03*
X10435426Y5377909D03*
X10352006Y5368549D03*
X10231986Y5372799D03*
X10112816Y5371099D03*
X10007276Y5388979D03*
X9995356Y5498779D03*
X10451536Y5476759D03*
X10453156Y5527479D03*
Y5588939D03*
X10409456Y5609129D03*
X10456176Y5656679D03*
X10442316Y5737879D03*
X10462806Y5860309D03*
X10440956Y5922839D03*
X10450486Y5985719D03*
X10351436Y5986079D03*
X10245916Y5986499D03*
X10131016Y5985859D03*
X10004656Y5977089D03*
X9996216Y5882679D03*
Y5760109D03*
X9995356Y5629869D03*
X10179166Y5538569D03*
X10278136Y5618089D03*
X10178166Y5811249D03*
X10546126Y5758359D03*
X10583206Y5691019D03*
X10570306Y5629659D03*
X10662246Y5628569D03*
X10723726Y5583679D03*
X10725636Y5774529D03*
X10648576Y5737869D03*
X10649016Y5916559D03*
X10669076Y5977919D03*
X10768626Y5971099D03*
X10492736Y5703059D03*
G54D11*
X10744896Y5481099D03*
X10744946Y5677919D03*
X10744586Y5874659D03*
G54D12*
X10494146Y5943739D03*
X10620131Y5943744D03*
G54D13*
X10500084Y5949667D03*
X10614230Y5949655D03*
G54D12*
X10494146Y5412249D03*
X10620131Y5412244D03*
G54D13*
X10500053Y5406335D03*
X10614235Y5406350D03*
G54D10*
X10562766Y6192299D03*
X10536066Y6235229D03*
X10652416Y6219159D03*
X10669976Y6117119D03*
X10765406Y6118839D03*
X10435426Y6114129D03*
X10352006Y6104769D03*
X10231986Y6109019D03*
X10112816Y6107319D03*
X10007276Y6125199D03*
X9995356Y6234999D03*
X10451536Y6212979D03*
X10453156Y6263699D03*
Y6325159D03*
X10409456Y6345349D03*
X10456176Y6392899D03*
X10442316Y6474099D03*
X10462806Y6596529D03*
X10440956Y6659059D03*
X10450486Y6721939D03*
X10351436Y6722299D03*
X10245916Y6722719D03*
X10131016Y6722079D03*
X10004656Y6713309D03*
X9996216Y6618899D03*
Y6496329D03*
X9995356Y6366089D03*
X10179166Y6274789D03*
X10278136Y6354309D03*
X10178166Y6547469D03*
X10546126Y6494579D03*
X10583206Y6427239D03*
X10570306Y6365879D03*
X10662246Y6364789D03*
X10723726Y6319899D03*
X10725636Y6510749D03*
X10648576Y6474089D03*
X10649016Y6652779D03*
X10669076Y6714139D03*
X10768626Y6707319D03*
X10492736Y6439279D03*
G54D11*
X10744896Y6217319D03*
X10744946Y6414139D03*
X10744586Y6610879D03*
G54D12*
X10494146Y6679959D03*
X10620131Y6679964D03*
G54D13*
X10500084Y6685888D03*
X10614230Y6685875D03*
G54D12*
X10494146Y6148469D03*
X10620131Y6148464D03*
G54D13*
X10500053Y6142555D03*
X10614235Y6142570D03*
G54D10*
X10562766Y6928520D03*
X10536066Y6971450D03*
X10652416Y6955380D03*
X10669976Y6853340D03*
X10765406Y6855060D03*
X10435426Y6850350D03*
X10352006Y6840990D03*
X10231986Y6845240D03*
X10112816Y6843540D03*
X10007276Y6861420D03*
X9995356Y6971220D03*
X10451536Y6949200D03*
X10453156Y6999920D03*
Y7061380D03*
X10409456Y7081570D03*
X10456176Y7129120D03*
X10442316Y7210320D03*
X10462806Y7332750D03*
X10440956Y7395280D03*
X10450486Y7458160D03*
X10351436Y7458520D03*
X10245916Y7458940D03*
X10131016Y7458300D03*
X10004656Y7449530D03*
X9996216Y7355120D03*
Y7232550D03*
X9995356Y7102310D03*
X10179166Y7011010D03*
X10278136Y7090530D03*
X10178166Y7283690D03*
X10546126Y7230800D03*
X10583206Y7163460D03*
X10570306Y7102100D03*
X10662246Y7101010D03*
X10723726Y7056120D03*
X10725636Y7246970D03*
X10648576Y7210310D03*
X10649016Y7389000D03*
X10669076Y7450360D03*
X10768626Y7443540D03*
X10492736Y7175500D03*
G54D11*
X10744896Y6953540D03*
X10744946Y7150360D03*
X10744586Y7347100D03*
G54D12*
X10494146Y7416180D03*
X10620131Y7416185D03*
G54D13*
X10500084Y7422108D03*
X10614230Y7422096D03*
G54D12*
X10494146Y6884690D03*
X10620131Y6884685D03*
G54D13*
X10500053Y6878776D03*
X10614235Y6878791D03*
G54D10*
X10562766Y7664740D03*
X10536066Y7707670D03*
X10652416Y7691600D03*
X10669976Y7589560D03*
X10765406Y7591280D03*
X10435426Y7586570D03*
X10352006Y7577210D03*
X10231986Y7581460D03*
X10112816Y7579760D03*
X10007276Y7597640D03*
X9995356Y7707440D03*
X10451536Y7685420D03*
X10453156Y7736140D03*
Y7797600D03*
X10409456Y7817790D03*
X10456176Y7865340D03*
X10442316Y7946540D03*
X10462806Y8068970D03*
X10440956Y8131500D03*
X10450486Y8194380D03*
X10351436Y8194740D03*
X10245916Y8195160D03*
X10131016Y8194520D03*
X10004656Y8185750D03*
X9996216Y8091340D03*
Y7968770D03*
X9995356Y7838530D03*
X10179166Y7747230D03*
X10278136Y7826750D03*
X10178166Y8019910D03*
X10546126Y7967020D03*
X10583206Y7899680D03*
X10570306Y7838320D03*
X10662246Y7837230D03*
X10723726Y7792340D03*
X10725636Y7983190D03*
X10648576Y7946530D03*
X10649016Y8125220D03*
X10669076Y8186580D03*
X10768626Y8179760D03*
X10492736Y7911720D03*
G54D11*
X10744896Y7689760D03*
X10744946Y7886580D03*
X10744586Y8083320D03*
G54D12*
X10494146Y8152400D03*
X10620131Y8152405D03*
G54D13*
X10500084Y8158329D03*
X10614230Y8158316D03*
G54D12*
X10494146Y7620910D03*
X10620131Y7620905D03*
G54D13*
X10500053Y7614996D03*
X10614235Y7615011D03*
G54D10*
X10562766Y8400961D03*
X10536066Y8443891D03*
X10652416Y8427821D03*
X10669976Y8325781D03*
X10765406Y8327501D03*
X10435426Y8322791D03*
X10352006Y8313431D03*
X10231986Y8317681D03*
X10112816Y8315981D03*
X10007276Y8333861D03*
X9995356Y8443661D03*
X10451536Y8421641D03*
X10453156Y8472361D03*
Y8533821D03*
X10409456Y8554011D03*
X10456176Y8601561D03*
X10442316Y8682761D03*
X10462806Y8805191D03*
X10440956Y8867721D03*
X10450486Y8930601D03*
X10351436Y8930961D03*
X10245916Y8931381D03*
X10131016Y8930741D03*
X10004656Y8921971D03*
X9996216Y8827561D03*
Y8704991D03*
X9995356Y8574751D03*
X10179166Y8483451D03*
X10278136Y8562971D03*
X10178166Y8756131D03*
X10546126Y8703241D03*
X10583206Y8635901D03*
X10570306Y8574541D03*
X10662246Y8573451D03*
X10723726Y8528561D03*
X10725636Y8719411D03*
X10648576Y8682751D03*
X10649016Y8861441D03*
X10669076Y8922801D03*
X10768626Y8915981D03*
X10492736Y8647941D03*
G54D11*
X10744896Y8425981D03*
X10744946Y8622801D03*
X10744586Y8819541D03*
G54D12*
X10494146Y8888621D03*
X10620131Y8888625D03*
G54D13*
X10500084Y8894549D03*
X10614230Y8894537D03*
G54D12*
X10494146Y8357131D03*
X10620131Y8357126D03*
G54D13*
X10500053Y8351217D03*
X10614235Y8351231D03*
G54D10*
X11767490Y3983638D03*
X11740790Y4026568D03*
X11857140Y4010498D03*
X11874700Y3908458D03*
X11970130Y3910178D03*
X11640150Y3905468D03*
X11556730Y3896108D03*
X11436710Y3900358D03*
X11317540Y3898658D03*
X11212000Y3916538D03*
X11200080Y4026338D03*
X11656260Y4004318D03*
X11657880Y4055038D03*
Y4116498D03*
X11614180Y4136688D03*
X11660900Y4184238D03*
X11647040Y4265438D03*
X11667530Y4387868D03*
X11645680Y4450398D03*
X11655210Y4513278D03*
X11556160Y4513638D03*
X11450640Y4514058D03*
X11335740Y4513418D03*
X11209380Y4504648D03*
X11200940Y4410238D03*
Y4287668D03*
X11200080Y4157428D03*
X11383890Y4066128D03*
X11482860Y4145648D03*
X11382890Y4338808D03*
X11750850Y4285918D03*
X11787930Y4218578D03*
X11775030Y4157218D03*
X11866970Y4156128D03*
X11928450Y4111238D03*
X11930360Y4302088D03*
X11853300Y4265428D03*
X11853740Y4444118D03*
X11873800Y4505478D03*
X11973350Y4498658D03*
X11697460Y4230618D03*
G54D11*
X11949620Y4008658D03*
X11949670Y4205478D03*
X11949310Y4402218D03*
G54D12*
X11698870Y4471298D03*
X11824855Y4471303D03*
G54D13*
X11704808Y4477226D03*
X11818954Y4477214D03*
G54D12*
X11698870Y3939808D03*
X11824855Y3939803D03*
G54D13*
X11704777Y3933894D03*
X11818960Y3933909D03*
G54D10*
X11767490Y4719858D03*
X11740790Y4762788D03*
X11857140Y4746718D03*
X11874700Y4644678D03*
X11970130Y4646398D03*
X11640150Y4641688D03*
X11556730Y4632328D03*
X11436710Y4636578D03*
X11317540Y4634878D03*
X11212000Y4652758D03*
X11200080Y4762558D03*
X11656260Y4740538D03*
X11657880Y4791258D03*
Y4852718D03*
X11614180Y4872908D03*
X11660900Y4920458D03*
X11647040Y5001658D03*
X11667530Y5124088D03*
X11645680Y5186618D03*
X11655210Y5249498D03*
X11556160Y5249858D03*
X11450640Y5250278D03*
X11335740Y5249638D03*
X11209380Y5240868D03*
X11200940Y5146458D03*
Y5023888D03*
X11200080Y4893648D03*
X11383890Y4802348D03*
X11482860Y4881868D03*
X11382890Y5075028D03*
X11750850Y5022138D03*
X11787930Y4954798D03*
X11775030Y4893438D03*
X11866970Y4892348D03*
X11928450Y4847458D03*
X11930360Y5038308D03*
X11853300Y5001648D03*
X11853740Y5180338D03*
X11873800Y5241698D03*
X11973350Y5234878D03*
X11697460Y4966838D03*
G54D11*
X11949620Y4744878D03*
X11949670Y4941698D03*
X11949310Y5138438D03*
G54D12*
X11698870Y5207518D03*
X11824855Y5207523D03*
G54D13*
X11704808Y5213447D03*
X11818954Y5213435D03*
G54D12*
X11698870Y4676028D03*
X11824855Y4676023D03*
G54D13*
X11704777Y4670114D03*
X11818960Y4670129D03*
G54D10*
X11767490Y5456079D03*
X11740790Y5499009D03*
X11857140Y5482939D03*
X11874700Y5380899D03*
X11970130Y5382619D03*
X11640150Y5377909D03*
X11556730Y5368549D03*
X11436710Y5372799D03*
X11317540Y5371099D03*
X11212000Y5388979D03*
X11200080Y5498779D03*
X11656260Y5476759D03*
X11657880Y5527479D03*
Y5588939D03*
X11614180Y5609129D03*
X11660900Y5656679D03*
X11647040Y5737879D03*
X11667530Y5860309D03*
X11645680Y5922839D03*
X11655210Y5985719D03*
X11556160Y5986079D03*
X11450640Y5986499D03*
X11335740Y5985859D03*
X11209380Y5977089D03*
X11200940Y5882679D03*
Y5760109D03*
X11200080Y5629869D03*
X11383890Y5538569D03*
X11482860Y5618089D03*
X11382890Y5811249D03*
X11750850Y5758359D03*
X11787930Y5691019D03*
X11775030Y5629659D03*
X11866970Y5628569D03*
X11928450Y5583679D03*
X11930360Y5774529D03*
X11853300Y5737869D03*
X11853740Y5916559D03*
X11873800Y5977919D03*
X11973350Y5971099D03*
X11697460Y5703059D03*
G54D11*
X11949620Y5481099D03*
X11949670Y5677919D03*
X11949310Y5874659D03*
G54D12*
X11698870Y5943739D03*
X11824855Y5943744D03*
G54D13*
X11704808Y5949667D03*
X11818954Y5949655D03*
G54D12*
X11698870Y5412249D03*
X11824855Y5412244D03*
G54D13*
X11704777Y5406335D03*
X11818960Y5406350D03*
G54D10*
X11767490Y6192299D03*
X11740790Y6235229D03*
X11857140Y6219159D03*
X11874700Y6117119D03*
X11970130Y6118839D03*
X11640150Y6114129D03*
X11556730Y6104769D03*
X11436710Y6109019D03*
X11317540Y6107319D03*
X11212000Y6125199D03*
X11200080Y6234999D03*
X11656260Y6212979D03*
X11657880Y6263699D03*
Y6325159D03*
X11614180Y6345349D03*
X11660900Y6392899D03*
X11647040Y6474099D03*
X11667530Y6596529D03*
X11645680Y6659059D03*
X11655210Y6721939D03*
X11556160Y6722299D03*
X11450640Y6722719D03*
X11335740Y6722079D03*
X11209380Y6713309D03*
X11200940Y6618899D03*
Y6496329D03*
X11200080Y6366089D03*
X11383890Y6274789D03*
X11482860Y6354309D03*
X11382890Y6547469D03*
X11750850Y6494579D03*
X11787930Y6427239D03*
X11775030Y6365879D03*
X11866970Y6364789D03*
X11928450Y6319899D03*
X11930360Y6510749D03*
X11853300Y6474089D03*
X11853740Y6652779D03*
X11873800Y6714139D03*
X11973350Y6707319D03*
X11697460Y6439279D03*
G54D11*
X11949620Y6217319D03*
X11949670Y6414139D03*
X11949310Y6610879D03*
G54D12*
X11698870Y6679959D03*
X11824855Y6679964D03*
G54D13*
X11704808Y6685888D03*
X11818954Y6685875D03*
G54D12*
X11698870Y6148469D03*
X11824855Y6148464D03*
G54D13*
X11704777Y6142555D03*
X11818960Y6142570D03*
G54D10*
X11767490Y6928520D03*
X11740790Y6971450D03*
X11857140Y6955380D03*
X11874700Y6853340D03*
X11970130Y6855060D03*
X11640150Y6850350D03*
X11556730Y6840990D03*
X11436710Y6845240D03*
X11317540Y6843540D03*
X11212000Y6861420D03*
X11200080Y6971220D03*
X11656260Y6949200D03*
X11657880Y6999920D03*
Y7061380D03*
X11614180Y7081570D03*
X11660900Y7129120D03*
X11647040Y7210320D03*
X11667530Y7332750D03*
X11645680Y7395280D03*
X11655210Y7458160D03*
X11556160Y7458520D03*
X11450640Y7458940D03*
X11335740Y7458300D03*
X11209380Y7449530D03*
X11200940Y7355120D03*
Y7232550D03*
X11200080Y7102310D03*
X11383890Y7011010D03*
X11482860Y7090530D03*
X11382890Y7283690D03*
X11750850Y7230800D03*
X11787930Y7163460D03*
X11775030Y7102100D03*
X11866970Y7101010D03*
X11928450Y7056120D03*
X11930360Y7246970D03*
X11853300Y7210310D03*
X11853740Y7389000D03*
X11873800Y7450360D03*
X11973350Y7443540D03*
X11697460Y7175500D03*
G54D11*
X11949620Y6953540D03*
X11949670Y7150360D03*
X11949310Y7347100D03*
G54D12*
X11698870Y7416180D03*
X11824855Y7416185D03*
G54D13*
X11704808Y7422108D03*
X11818954Y7422096D03*
G54D12*
X11698870Y6884690D03*
X11824855Y6884685D03*
G54D13*
X11704777Y6878776D03*
X11818960Y6878791D03*
G54D10*
X11767490Y7664740D03*
X11740790Y7707670D03*
X11857140Y7691600D03*
X11874700Y7589560D03*
X11970130Y7591280D03*
X11640150Y7586570D03*
X11556730Y7577210D03*
X11436710Y7581460D03*
X11317540Y7579760D03*
X11212000Y7597640D03*
X11200080Y7707440D03*
X11656260Y7685420D03*
X11657880Y7736140D03*
Y7797600D03*
X11614180Y7817790D03*
X11660900Y7865340D03*
X11647040Y7946540D03*
X11667530Y8068970D03*
X11645680Y8131500D03*
X11655210Y8194380D03*
X11556160Y8194740D03*
X11450640Y8195160D03*
X11335740Y8194520D03*
X11209380Y8185750D03*
X11200940Y8091340D03*
Y7968770D03*
X11200080Y7838530D03*
X11383890Y7747230D03*
X11482860Y7826750D03*
X11382890Y8019910D03*
X11750850Y7967020D03*
X11787930Y7899680D03*
X11775030Y7838320D03*
X11866970Y7837230D03*
X11928450Y7792340D03*
X11930360Y7983190D03*
X11853300Y7946530D03*
X11853740Y8125220D03*
X11873800Y8186580D03*
X11973350Y8179760D03*
X11697460Y7911720D03*
G54D11*
X11949620Y7689760D03*
X11949670Y7886580D03*
X11949310Y8083320D03*
G54D12*
X11698870Y8152400D03*
X11824855Y8152405D03*
G54D13*
X11704808Y8158329D03*
X11818954Y8158316D03*
G54D12*
X11698870Y7620910D03*
X11824855Y7620905D03*
G54D13*
X11704777Y7614996D03*
X11818960Y7615011D03*
G54D10*
X11767490Y8400961D03*
X11740790Y8443891D03*
X11857140Y8427821D03*
X11874700Y8325781D03*
X11970130Y8327501D03*
X11640150Y8322791D03*
X11556730Y8313431D03*
X11436710Y8317681D03*
X11317540Y8315981D03*
X11212000Y8333861D03*
X11200080Y8443661D03*
X11656260Y8421641D03*
X11657880Y8472361D03*
Y8533821D03*
X11614180Y8554011D03*
X11660900Y8601561D03*
X11647040Y8682761D03*
X11667530Y8805191D03*
X11645680Y8867721D03*
X11655210Y8930601D03*
X11556160Y8930961D03*
X11450640Y8931381D03*
X11335740Y8930741D03*
X11209380Y8921971D03*
X11200940Y8827561D03*
Y8704991D03*
X11200080Y8574751D03*
X11383890Y8483451D03*
X11482860Y8562971D03*
X11382890Y8756131D03*
X11750850Y8703241D03*
X11787930Y8635901D03*
X11775030Y8574541D03*
X11866970Y8573451D03*
X11928450Y8528561D03*
X11930360Y8719411D03*
X11853300Y8682751D03*
X11853740Y8861441D03*
X11873800Y8922801D03*
X11973350Y8915981D03*
X11697460Y8647941D03*
G54D11*
X11949620Y8425981D03*
X11949670Y8622801D03*
X11949310Y8819541D03*
G54D12*
X11698870Y8888621D03*
X11824855Y8888625D03*
G54D13*
X11704808Y8894549D03*
X11818954Y8894537D03*
G54D12*
X11698870Y8357131D03*
X11824855Y8357126D03*
G54D13*
X11704777Y8351217D03*
X11818960Y8351231D03*
G54D10*
X12676939Y3983638D03*
X12650239Y4026568D03*
X12766589Y4010498D03*
X12784149Y3908458D03*
X12879579Y3910178D03*
X12549599Y3905468D03*
X12466179Y3896108D03*
X12346159Y3900358D03*
X12226989Y3898658D03*
X12121449Y3916538D03*
X12109529Y4026338D03*
X12565709Y4004318D03*
X12567329Y4055038D03*
Y4116498D03*
X12523629Y4136688D03*
X12570349Y4184238D03*
X12556489Y4265438D03*
X12576979Y4387868D03*
X12555129Y4450398D03*
X12564659Y4513278D03*
X12465609Y4513638D03*
X12360089Y4514058D03*
X12245189Y4513418D03*
X12118829Y4504648D03*
X12110389Y4410238D03*
Y4287668D03*
X12109529Y4157428D03*
X12293339Y4066128D03*
X12392309Y4145648D03*
X12292339Y4338808D03*
X12660299Y4285918D03*
X12697379Y4218578D03*
X12684479Y4157218D03*
X12776419Y4156128D03*
X12837899Y4111238D03*
X12839809Y4302088D03*
X12762749Y4265428D03*
X12763189Y4444118D03*
X12783249Y4505478D03*
X12882799Y4498658D03*
X12606909Y4230618D03*
G54D11*
X12859069Y4008658D03*
X12859119Y4205478D03*
X12858759Y4402218D03*
G54D12*
X12608319Y4471298D03*
X12734304Y4471303D03*
G54D13*
X12614257Y4477226D03*
X12728403Y4477214D03*
G54D12*
X12608319Y3939808D03*
X12734304Y3939803D03*
G54D13*
X12614226Y3933894D03*
X12728409Y3933909D03*
G54D10*
X12676939Y4719858D03*
X12650239Y4762788D03*
X12766589Y4746718D03*
X12784149Y4644678D03*
X12879579Y4646398D03*
X12549599Y4641688D03*
X12466179Y4632328D03*
X12346159Y4636578D03*
X12226989Y4634878D03*
X12121449Y4652758D03*
X12109529Y4762558D03*
X12565709Y4740538D03*
X12567329Y4791258D03*
Y4852718D03*
X12523629Y4872908D03*
X12570349Y4920458D03*
X12556489Y5001658D03*
X12576979Y5124088D03*
X12555129Y5186618D03*
X12564659Y5249498D03*
X12465609Y5249858D03*
X12360089Y5250278D03*
X12245189Y5249638D03*
X12118829Y5240868D03*
X12110389Y5146458D03*
Y5023888D03*
X12109529Y4893648D03*
X12293339Y4802348D03*
X12392309Y4881868D03*
X12292339Y5075028D03*
X12660299Y5022138D03*
X12697379Y4954798D03*
X12684479Y4893438D03*
X12776419Y4892348D03*
X12837899Y4847458D03*
X12839809Y5038308D03*
X12762749Y5001648D03*
X12763189Y5180338D03*
X12783249Y5241698D03*
X12882799Y5234878D03*
X12606909Y4966838D03*
G54D11*
X12859069Y4744878D03*
X12859119Y4941698D03*
X12858759Y5138438D03*
G54D12*
X12608319Y5207518D03*
X12734304Y5207523D03*
G54D13*
X12614257Y5213447D03*
X12728403Y5213435D03*
G54D12*
X12608319Y4676028D03*
X12734304Y4676023D03*
G54D13*
X12614226Y4670114D03*
X12728409Y4670129D03*
G54D10*
X12676939Y5456079D03*
X12650239Y5499009D03*
X12766589Y5482939D03*
X12784149Y5380899D03*
X12879579Y5382619D03*
X12549599Y5377909D03*
X12466179Y5368549D03*
X12346159Y5372799D03*
X12226989Y5371099D03*
X12121449Y5388979D03*
X12109529Y5498779D03*
X12565709Y5476759D03*
X12567329Y5527479D03*
Y5588939D03*
X12523629Y5609129D03*
X12570349Y5656679D03*
X12556489Y5737879D03*
X12576979Y5860309D03*
X12555129Y5922839D03*
X12564659Y5985719D03*
X12465609Y5986079D03*
X12360089Y5986499D03*
X12245189Y5985859D03*
X12118829Y5977089D03*
X12110389Y5882679D03*
Y5760109D03*
X12109529Y5629869D03*
X12293339Y5538569D03*
X12392309Y5618089D03*
X12292339Y5811249D03*
X12660299Y5758359D03*
X12697379Y5691019D03*
X12684479Y5629659D03*
X12776419Y5628569D03*
X12837899Y5583679D03*
X12839809Y5774529D03*
X12762749Y5737869D03*
X12763189Y5916559D03*
X12783249Y5977919D03*
X12882799Y5971099D03*
X12606909Y5703059D03*
G54D11*
X12859069Y5481099D03*
X12859119Y5677919D03*
X12858759Y5874659D03*
G54D12*
X12608319Y5943739D03*
X12734304Y5943744D03*
G54D13*
X12614257Y5949667D03*
X12728403Y5949655D03*
G54D12*
X12608319Y5412249D03*
X12734304Y5412244D03*
G54D13*
X12614226Y5406335D03*
X12728409Y5406350D03*
G54D10*
X12676939Y6192299D03*
X12650239Y6235229D03*
X12766589Y6219159D03*
X12784149Y6117119D03*
X12879579Y6118839D03*
X12549599Y6114129D03*
X12466179Y6104769D03*
X12346159Y6109019D03*
X12226989Y6107319D03*
X12121449Y6125199D03*
X12109529Y6234999D03*
X12565709Y6212979D03*
X12567329Y6263699D03*
Y6325159D03*
X12523629Y6345349D03*
X12570349Y6392899D03*
X12556489Y6474099D03*
X12576979Y6596529D03*
X12555129Y6659059D03*
X12564659Y6721939D03*
X12465609Y6722299D03*
X12360089Y6722719D03*
X12245189Y6722079D03*
X12118829Y6713309D03*
X12110389Y6618899D03*
Y6496329D03*
X12109529Y6366089D03*
X12293339Y6274789D03*
X12392309Y6354309D03*
X12292339Y6547469D03*
X12660299Y6494579D03*
X12697379Y6427239D03*
X12684479Y6365879D03*
X12776419Y6364789D03*
X12837899Y6319899D03*
X12839809Y6510749D03*
X12762749Y6474089D03*
X12763189Y6652779D03*
X12783249Y6714139D03*
X12882799Y6707319D03*
X12606909Y6439279D03*
G54D11*
X12859069Y6217319D03*
X12859119Y6414139D03*
X12858759Y6610879D03*
G54D12*
X12608319Y6679959D03*
X12734304Y6679964D03*
G54D13*
X12614257Y6685888D03*
X12728403Y6685875D03*
G54D12*
X12608319Y6148469D03*
X12734304Y6148464D03*
G54D13*
X12614226Y6142555D03*
X12728409Y6142570D03*
G54D10*
X12676939Y6928520D03*
X12650239Y6971450D03*
X12766589Y6955380D03*
X12784149Y6853340D03*
X12879579Y6855060D03*
X12549599Y6850350D03*
X12466179Y6840990D03*
X12346159Y6845240D03*
X12226989Y6843540D03*
X12121449Y6861420D03*
X12109529Y6971220D03*
X12565709Y6949200D03*
X12567329Y6999920D03*
Y7061380D03*
X12523629Y7081570D03*
X12570349Y7129120D03*
X12556489Y7210320D03*
X12576979Y7332750D03*
X12555129Y7395280D03*
X12564659Y7458160D03*
X12465609Y7458520D03*
X12360089Y7458940D03*
X12245189Y7458300D03*
X12118829Y7449530D03*
X12110389Y7355120D03*
Y7232550D03*
X12109529Y7102310D03*
X12293339Y7011010D03*
X12392309Y7090530D03*
X12292339Y7283690D03*
X12660299Y7230800D03*
X12697379Y7163460D03*
X12684479Y7102100D03*
X12776419Y7101010D03*
X12837899Y7056120D03*
X12839809Y7246970D03*
X12762749Y7210310D03*
X12763189Y7389000D03*
X12783249Y7450360D03*
X12882799Y7443540D03*
X12606909Y7175500D03*
G54D11*
X12859069Y6953540D03*
X12859119Y7150360D03*
X12858759Y7347100D03*
G54D12*
X12608319Y7416180D03*
X12734304Y7416185D03*
G54D13*
X12614257Y7422108D03*
X12728403Y7422096D03*
G54D12*
X12608319Y6884690D03*
X12734304Y6884685D03*
G54D13*
X12614226Y6878776D03*
X12728409Y6878791D03*
G54D10*
X12676939Y7664740D03*
X12650239Y7707670D03*
X12766589Y7691600D03*
X12784149Y7589560D03*
X12879579Y7591280D03*
X12549599Y7586570D03*
X12466179Y7577210D03*
X12346159Y7581460D03*
X12226989Y7579760D03*
X12121449Y7597640D03*
X12109529Y7707440D03*
X12565709Y7685420D03*
X12567329Y7736140D03*
Y7797600D03*
X12523629Y7817790D03*
X12570349Y7865340D03*
X12556489Y7946540D03*
X12576979Y8068970D03*
X12555129Y8131500D03*
X12564659Y8194380D03*
X12465609Y8194740D03*
X12360089Y8195160D03*
X12245189Y8194520D03*
X12118829Y8185750D03*
X12110389Y8091340D03*
Y7968770D03*
X12109529Y7838530D03*
X12293339Y7747230D03*
X12392309Y7826750D03*
X12292339Y8019910D03*
X12660299Y7967020D03*
X12697379Y7899680D03*
X12684479Y7838320D03*
X12776419Y7837230D03*
X12837899Y7792340D03*
X12839809Y7983190D03*
X12762749Y7946530D03*
X12763189Y8125220D03*
X12783249Y8186580D03*
X12882799Y8179760D03*
X12606909Y7911720D03*
G54D11*
X12859069Y7689760D03*
X12859119Y7886580D03*
X12858759Y8083320D03*
G54D12*
X12608319Y8152400D03*
X12734304Y8152405D03*
G54D13*
X12614257Y8158329D03*
X12728403Y8158316D03*
G54D12*
X12608319Y7620910D03*
X12734304Y7620905D03*
G54D13*
X12614226Y7614996D03*
X12728409Y7615011D03*
G54D10*
X12676939Y8400961D03*
X12650239Y8443891D03*
X12766589Y8427821D03*
X12784149Y8325781D03*
X12879579Y8327501D03*
X12549599Y8322791D03*
X12466179Y8313431D03*
X12346159Y8317681D03*
X12226989Y8315981D03*
X12121449Y8333861D03*
X12109529Y8443661D03*
X12565709Y8421641D03*
X12567329Y8472361D03*
Y8533821D03*
X12523629Y8554011D03*
X12570349Y8601561D03*
X12556489Y8682761D03*
X12576979Y8805191D03*
X12555129Y8867721D03*
X12564659Y8930601D03*
X12465609Y8930961D03*
X12360089Y8931381D03*
X12245189Y8930741D03*
X12118829Y8921971D03*
X12110389Y8827561D03*
Y8704991D03*
X12109529Y8574751D03*
X12293339Y8483451D03*
X12392309Y8562971D03*
X12292339Y8756131D03*
X12660299Y8703241D03*
X12697379Y8635901D03*
X12684479Y8574541D03*
X12776419Y8573451D03*
X12837899Y8528561D03*
X12839809Y8719411D03*
X12762749Y8682751D03*
X12763189Y8861441D03*
X12783249Y8922801D03*
X12882799Y8915981D03*
X12606909Y8647941D03*
G54D11*
X12859069Y8425981D03*
X12859119Y8622801D03*
X12858759Y8819541D03*
G54D12*
X12608319Y8888621D03*
X12734304Y8888625D03*
G54D13*
X12614257Y8894549D03*
X12728403Y8894537D03*
G54D12*
X12608319Y8357131D03*
X12734304Y8357126D03*
G54D13*
X12614226Y8351217D03*
X12728409Y8351231D03*
G54D10*
X13586388Y3983638D03*
X13559688Y4026568D03*
X13676038Y4010498D03*
X13693598Y3908458D03*
X13789028Y3910178D03*
X13459048Y3905468D03*
X13375628Y3896108D03*
X13255608Y3900358D03*
X13136438Y3898658D03*
X13030898Y3916538D03*
X13018978Y4026338D03*
X13475158Y4004318D03*
X13476778Y4055038D03*
Y4116498D03*
X13433078Y4136688D03*
X13479798Y4184238D03*
X13465938Y4265438D03*
X13486428Y4387868D03*
X13464578Y4450398D03*
X13474108Y4513278D03*
X13375058Y4513638D03*
X13269538Y4514058D03*
X13154638Y4513418D03*
X13028278Y4504648D03*
X13019838Y4410238D03*
Y4287668D03*
X13018978Y4157428D03*
X13202788Y4066128D03*
X13301758Y4145648D03*
X13201788Y4338808D03*
X13569748Y4285918D03*
X13606828Y4218578D03*
X13593928Y4157218D03*
X13685868Y4156128D03*
X13747348Y4111238D03*
X13749258Y4302088D03*
X13672198Y4265428D03*
X13672638Y4444118D03*
X13692698Y4505478D03*
X13792248Y4498658D03*
X13516358Y4230618D03*
G54D11*
X13768518Y4008658D03*
X13768568Y4205478D03*
X13768208Y4402218D03*
G54D12*
X13517768Y4471298D03*
X13643753Y4471303D03*
G54D13*
X13523706Y4477226D03*
X13637852Y4477214D03*
G54D12*
X13517768Y3939808D03*
X13643753Y3939803D03*
G54D13*
X13523675Y3933894D03*
X13637857Y3933909D03*
G54D10*
X13586388Y4719858D03*
X13559688Y4762788D03*
X13676038Y4746718D03*
X13693598Y4644678D03*
X13789028Y4646398D03*
X13459048Y4641688D03*
X13375628Y4632328D03*
X13255608Y4636578D03*
X13136438Y4634878D03*
X13030898Y4652758D03*
X13018978Y4762558D03*
X13475158Y4740538D03*
X13476778Y4791258D03*
Y4852718D03*
X13433078Y4872908D03*
X13479798Y4920458D03*
X13465938Y5001658D03*
X13486428Y5124088D03*
X13464578Y5186618D03*
X13474108Y5249498D03*
X13375058Y5249858D03*
X13269538Y5250278D03*
X13154638Y5249638D03*
X13028278Y5240868D03*
X13019838Y5146458D03*
Y5023888D03*
X13018978Y4893648D03*
X13202788Y4802348D03*
X13301758Y4881868D03*
X13201788Y5075028D03*
X13569748Y5022138D03*
X13606828Y4954798D03*
X13593928Y4893438D03*
X13685868Y4892348D03*
X13747348Y4847458D03*
X13749258Y5038308D03*
X13672198Y5001648D03*
X13672638Y5180338D03*
X13692698Y5241698D03*
X13792248Y5234878D03*
X13516358Y4966838D03*
G54D11*
X13768518Y4744878D03*
X13768568Y4941698D03*
X13768208Y5138438D03*
G54D12*
X13517768Y5207518D03*
X13643753Y5207523D03*
G54D13*
X13523706Y5213447D03*
X13637852Y5213435D03*
G54D12*
X13517768Y4676028D03*
X13643753Y4676023D03*
G54D13*
X13523675Y4670114D03*
X13637857Y4670129D03*
G54D10*
X13586388Y5456079D03*
X13559688Y5499009D03*
X13676038Y5482939D03*
X13693598Y5380899D03*
X13789028Y5382619D03*
X13459048Y5377909D03*
X13375628Y5368549D03*
X13255608Y5372799D03*
X13136438Y5371099D03*
X13030898Y5388979D03*
X13018978Y5498779D03*
X13475158Y5476759D03*
X13476778Y5527479D03*
Y5588939D03*
X13433078Y5609129D03*
X13479798Y5656679D03*
X13465938Y5737879D03*
X13486428Y5860309D03*
X13464578Y5922839D03*
X13474108Y5985719D03*
X13375058Y5986079D03*
X13269538Y5986499D03*
X13154638Y5985859D03*
X13028278Y5977089D03*
X13019838Y5882679D03*
Y5760109D03*
X13018978Y5629869D03*
X13202788Y5538569D03*
X13301758Y5618089D03*
X13201788Y5811249D03*
X13569748Y5758359D03*
X13606828Y5691019D03*
X13593928Y5629659D03*
X13685868Y5628569D03*
X13747348Y5583679D03*
X13749258Y5774529D03*
X13672198Y5737869D03*
X13672638Y5916559D03*
X13692698Y5977919D03*
X13792248Y5971099D03*
X13516358Y5703059D03*
G54D11*
X13768518Y5481099D03*
X13768568Y5677919D03*
X13768208Y5874659D03*
G54D12*
X13517768Y5943739D03*
X13643753Y5943744D03*
G54D13*
X13523706Y5949667D03*
X13637852Y5949655D03*
G54D12*
X13517768Y5412249D03*
X13643753Y5412244D03*
G54D13*
X13523675Y5406335D03*
X13637857Y5406350D03*
G54D10*
X13586388Y6192299D03*
X13559688Y6235229D03*
X13676038Y6219159D03*
X13693598Y6117119D03*
X13789028Y6118839D03*
X13459048Y6114129D03*
X13375628Y6104769D03*
X13255608Y6109019D03*
X13136438Y6107319D03*
X13030898Y6125199D03*
X13018978Y6234999D03*
X13475158Y6212979D03*
X13476778Y6263699D03*
Y6325159D03*
X13433078Y6345349D03*
X13479798Y6392899D03*
X13465938Y6474099D03*
X13486428Y6596529D03*
X13464578Y6659059D03*
X13474108Y6721939D03*
X13375058Y6722299D03*
X13269538Y6722719D03*
X13154638Y6722079D03*
X13028278Y6713309D03*
X13019838Y6618899D03*
Y6496329D03*
X13018978Y6366089D03*
X13202788Y6274789D03*
X13301758Y6354309D03*
X13201788Y6547469D03*
X13569748Y6494579D03*
X13606828Y6427239D03*
X13593928Y6365879D03*
X13685868Y6364789D03*
X13747348Y6319899D03*
X13749258Y6510749D03*
X13672198Y6474089D03*
X13672638Y6652779D03*
X13692698Y6714139D03*
X13792248Y6707319D03*
X13516358Y6439279D03*
G54D11*
X13768518Y6217319D03*
X13768568Y6414139D03*
X13768208Y6610879D03*
G54D12*
X13517768Y6679959D03*
X13643753Y6679964D03*
G54D13*
X13523706Y6685888D03*
X13637852Y6685875D03*
G54D12*
X13517768Y6148469D03*
X13643753Y6148464D03*
G54D13*
X13523675Y6142555D03*
X13637857Y6142570D03*
G54D10*
X13586388Y6928520D03*
X13559688Y6971450D03*
X13676038Y6955380D03*
X13693598Y6853340D03*
X13789028Y6855060D03*
X13459048Y6850350D03*
X13375628Y6840990D03*
X13255608Y6845240D03*
X13136438Y6843540D03*
X13030898Y6861420D03*
X13018978Y6971220D03*
X13475158Y6949200D03*
X13476778Y6999920D03*
Y7061380D03*
X13433078Y7081570D03*
X13479798Y7129120D03*
X13465938Y7210320D03*
X13486428Y7332750D03*
X13464578Y7395280D03*
X13474108Y7458160D03*
X13375058Y7458520D03*
X13269538Y7458940D03*
X13154638Y7458300D03*
X13028278Y7449530D03*
X13019838Y7355120D03*
Y7232550D03*
X13018978Y7102310D03*
X13202788Y7011010D03*
X13301758Y7090530D03*
X13201788Y7283690D03*
X13569748Y7230800D03*
X13606828Y7163460D03*
X13593928Y7102100D03*
X13685868Y7101010D03*
X13747348Y7056120D03*
X13749258Y7246970D03*
X13672198Y7210310D03*
X13672638Y7389000D03*
X13692698Y7450360D03*
X13792248Y7443540D03*
X13516358Y7175500D03*
G54D11*
X13768518Y6953540D03*
X13768568Y7150360D03*
X13768208Y7347100D03*
G54D12*
X13517768Y7416180D03*
X13643753Y7416185D03*
G54D13*
X13523706Y7422108D03*
X13637852Y7422096D03*
G54D12*
X13517768Y6884690D03*
X13643753Y6884685D03*
G54D13*
X13523675Y6878776D03*
X13637857Y6878791D03*
G54D10*
X13586388Y7664740D03*
X13559688Y7707670D03*
X13676038Y7691600D03*
X13693598Y7589560D03*
X13789028Y7591280D03*
X13459048Y7586570D03*
X13375628Y7577210D03*
X13255608Y7581460D03*
X13136438Y7579760D03*
X13030898Y7597640D03*
X13018978Y7707440D03*
X13475158Y7685420D03*
X13476778Y7736140D03*
Y7797600D03*
X13433078Y7817790D03*
X13479798Y7865340D03*
X13465938Y7946540D03*
X13486428Y8068970D03*
X13464578Y8131500D03*
X13474108Y8194380D03*
X13375058Y8194740D03*
X13269538Y8195160D03*
X13154638Y8194520D03*
X13028278Y8185750D03*
X13019838Y8091340D03*
Y7968770D03*
X13018978Y7838530D03*
X13202788Y7747230D03*
X13301758Y7826750D03*
X13201788Y8019910D03*
X13569748Y7967020D03*
X13606828Y7899680D03*
X13593928Y7838320D03*
X13685868Y7837230D03*
X13747348Y7792340D03*
X13749258Y7983190D03*
X13672198Y7946530D03*
X13672638Y8125220D03*
X13692698Y8186580D03*
X13792248Y8179760D03*
X13516358Y7911720D03*
G54D11*
X13768518Y7689760D03*
X13768568Y7886580D03*
X13768208Y8083320D03*
G54D12*
X13517768Y8152400D03*
X13643753Y8152405D03*
G54D13*
X13523706Y8158329D03*
X13637852Y8158316D03*
G54D12*
X13517768Y7620910D03*
X13643753Y7620905D03*
G54D13*
X13523675Y7614996D03*
X13637857Y7615011D03*
G54D10*
X13586388Y8400961D03*
X13559688Y8443891D03*
X13676038Y8427821D03*
X13693598Y8325781D03*
X13789028Y8327501D03*
X13459048Y8322791D03*
X13375628Y8313431D03*
X13255608Y8317681D03*
X13136438Y8315981D03*
X13030898Y8333861D03*
X13018978Y8443661D03*
X13475158Y8421641D03*
X13476778Y8472361D03*
Y8533821D03*
X13433078Y8554011D03*
X13479798Y8601561D03*
X13465938Y8682761D03*
X13486428Y8805191D03*
X13464578Y8867721D03*
X13474108Y8930601D03*
X13375058Y8930961D03*
X13269538Y8931381D03*
X13154638Y8930741D03*
X13028278Y8921971D03*
X13019838Y8827561D03*
Y8704991D03*
X13018978Y8574751D03*
X13202788Y8483451D03*
X13301758Y8562971D03*
X13201788Y8756131D03*
X13569748Y8703241D03*
X13606828Y8635901D03*
X13593928Y8574541D03*
X13685868Y8573451D03*
X13747348Y8528561D03*
X13749258Y8719411D03*
X13672198Y8682751D03*
X13672638Y8861441D03*
X13692698Y8922801D03*
X13792248Y8915981D03*
X13516358Y8647941D03*
G54D11*
X13768518Y8425981D03*
X13768568Y8622801D03*
X13768208Y8819541D03*
G54D12*
X13517768Y8888621D03*
X13643753Y8888625D03*
G54D13*
X13523706Y8894549D03*
X13637852Y8894537D03*
G54D12*
X13517768Y8357131D03*
X13643753Y8357126D03*
G54D13*
X13523675Y8351217D03*
X13637857Y8351231D03*
G54D10*
X14495837Y3983638D03*
X14469137Y4026568D03*
X14585487Y4010498D03*
X14603047Y3908458D03*
X14698477Y3910178D03*
X14368497Y3905468D03*
X14285077Y3896108D03*
X14165057Y3900358D03*
X14045887Y3898658D03*
X13940347Y3916538D03*
X13928427Y4026338D03*
X14384607Y4004318D03*
X14386227Y4055038D03*
Y4116498D03*
X14342527Y4136688D03*
X14389247Y4184238D03*
X14375387Y4265438D03*
X14395877Y4387868D03*
X14374027Y4450398D03*
X14383557Y4513278D03*
X14284507Y4513638D03*
X14178987Y4514058D03*
X14064087Y4513418D03*
X13937727Y4504648D03*
X13929287Y4410238D03*
Y4287668D03*
X13928427Y4157428D03*
X14112237Y4066128D03*
X14211207Y4145648D03*
X14111237Y4338808D03*
X14479197Y4285918D03*
X14516277Y4218578D03*
X14503377Y4157218D03*
X14595317Y4156128D03*
X14656797Y4111238D03*
X14658707Y4302088D03*
X14581647Y4265428D03*
X14582087Y4444118D03*
X14602147Y4505478D03*
X14701697Y4498658D03*
X14425807Y4230618D03*
G54D11*
X14677967Y4008658D03*
X14678017Y4205478D03*
X14677657Y4402218D03*
G54D12*
X14427217Y4471298D03*
X14553202Y4471303D03*
G54D13*
X14433154Y4477226D03*
X14547301Y4477214D03*
G54D12*
X14427217Y3939808D03*
X14553202Y3939803D03*
G54D13*
X14433124Y3933894D03*
X14547306Y3933909D03*
G54D10*
X14495837Y4719858D03*
X14469137Y4762788D03*
X14585487Y4746718D03*
X14603047Y4644678D03*
X14698477Y4646398D03*
X14368497Y4641688D03*
X14285077Y4632328D03*
X14165057Y4636578D03*
X14045887Y4634878D03*
X13940347Y4652758D03*
X13928427Y4762558D03*
X14384607Y4740538D03*
X14386227Y4791258D03*
Y4852718D03*
X14342527Y4872908D03*
X14389247Y4920458D03*
X14375387Y5001658D03*
X14395877Y5124088D03*
X14374027Y5186618D03*
X14383557Y5249498D03*
X14284507Y5249858D03*
X14178987Y5250278D03*
X14064087Y5249638D03*
X13937727Y5240868D03*
X13929287Y5146458D03*
Y5023888D03*
X13928427Y4893648D03*
X14112237Y4802348D03*
X14211207Y4881868D03*
X14111237Y5075028D03*
X14479197Y5022138D03*
X14516277Y4954798D03*
X14503377Y4893438D03*
X14595317Y4892348D03*
X14656797Y4847458D03*
X14658707Y5038308D03*
X14581647Y5001648D03*
X14582087Y5180338D03*
X14602147Y5241698D03*
X14701697Y5234878D03*
X14425807Y4966838D03*
G54D11*
X14677967Y4744878D03*
X14678017Y4941698D03*
X14677657Y5138438D03*
G54D12*
X14427217Y5207518D03*
X14553202Y5207523D03*
G54D13*
X14433154Y5213447D03*
X14547301Y5213435D03*
G54D12*
X14427217Y4676028D03*
X14553202Y4676023D03*
G54D13*
X14433124Y4670114D03*
X14547306Y4670129D03*
G54D10*
X14495837Y5456079D03*
X14469137Y5499009D03*
X14585487Y5482939D03*
X14603047Y5380899D03*
X14698477Y5382619D03*
X14368497Y5377909D03*
X14285077Y5368549D03*
X14165057Y5372799D03*
X14045887Y5371099D03*
X13940347Y5388979D03*
X13928427Y5498779D03*
X14384607Y5476759D03*
X14386227Y5527479D03*
Y5588939D03*
X14342527Y5609129D03*
X14389247Y5656679D03*
X14375387Y5737879D03*
X14395877Y5860309D03*
X14374027Y5922839D03*
X14383557Y5985719D03*
X14284507Y5986079D03*
X14178987Y5986499D03*
X14064087Y5985859D03*
X13937727Y5977089D03*
X13929287Y5882679D03*
Y5760109D03*
X13928427Y5629869D03*
X14112237Y5538569D03*
X14211207Y5618089D03*
X14111237Y5811249D03*
X14479197Y5758359D03*
X14516277Y5691019D03*
X14503377Y5629659D03*
X14595317Y5628569D03*
X14656797Y5583679D03*
X14658707Y5774529D03*
X14581647Y5737869D03*
X14582087Y5916559D03*
X14602147Y5977919D03*
X14701697Y5971099D03*
X14425807Y5703059D03*
G54D11*
X14677967Y5481099D03*
X14678017Y5677919D03*
X14677657Y5874659D03*
G54D12*
X14427217Y5943739D03*
X14553202Y5943744D03*
G54D13*
X14433154Y5949667D03*
X14547301Y5949655D03*
G54D12*
X14427217Y5412249D03*
X14553202Y5412244D03*
G54D13*
X14433124Y5406335D03*
X14547306Y5406350D03*
G54D10*
X14495837Y6192299D03*
X14469137Y6235229D03*
X14585487Y6219159D03*
X14603047Y6117119D03*
X14698477Y6118839D03*
X14368497Y6114129D03*
X14285077Y6104769D03*
X14165057Y6109019D03*
X14045887Y6107319D03*
X13940347Y6125199D03*
X13928427Y6234999D03*
X14384607Y6212979D03*
X14386227Y6263699D03*
Y6325159D03*
X14342527Y6345349D03*
X14389247Y6392899D03*
X14375387Y6474099D03*
X14395877Y6596529D03*
X14374027Y6659059D03*
X14383557Y6721939D03*
X14284507Y6722299D03*
X14178987Y6722719D03*
X14064087Y6722079D03*
X13937727Y6713309D03*
X13929287Y6618899D03*
Y6496329D03*
X13928427Y6366089D03*
X14112237Y6274789D03*
X14211207Y6354309D03*
X14111237Y6547469D03*
X14479197Y6494579D03*
X14516277Y6427239D03*
X14503377Y6365879D03*
X14595317Y6364789D03*
X14656797Y6319899D03*
X14658707Y6510749D03*
X14581647Y6474089D03*
X14582087Y6652779D03*
X14602147Y6714139D03*
X14701697Y6707319D03*
X14425807Y6439279D03*
G54D11*
X14677967Y6217319D03*
X14678017Y6414139D03*
X14677657Y6610879D03*
G54D12*
X14427217Y6679959D03*
X14553202Y6679964D03*
G54D13*
X14433154Y6685888D03*
X14547301Y6685875D03*
G54D12*
X14427217Y6148469D03*
X14553202Y6148464D03*
G54D13*
X14433124Y6142555D03*
X14547306Y6142570D03*
G54D10*
X14495837Y6928520D03*
X14469137Y6971450D03*
X14585487Y6955380D03*
X14603047Y6853340D03*
X14698477Y6855060D03*
X14368497Y6850350D03*
X14285077Y6840990D03*
X14165057Y6845240D03*
X14045887Y6843540D03*
X13940347Y6861420D03*
X13928427Y6971220D03*
X14384607Y6949200D03*
X14386227Y6999920D03*
Y7061380D03*
X14342527Y7081570D03*
X14389247Y7129120D03*
X14375387Y7210320D03*
X14395877Y7332750D03*
X14374027Y7395280D03*
X14383557Y7458160D03*
X14284507Y7458520D03*
X14178987Y7458940D03*
X14064087Y7458300D03*
X13937727Y7449530D03*
X13929287Y7355120D03*
Y7232550D03*
X13928427Y7102310D03*
X14112237Y7011010D03*
X14211207Y7090530D03*
X14111237Y7283690D03*
X14479197Y7230800D03*
X14516277Y7163460D03*
X14503377Y7102100D03*
X14595317Y7101010D03*
X14656797Y7056120D03*
X14658707Y7246970D03*
X14581647Y7210310D03*
X14582087Y7389000D03*
X14602147Y7450360D03*
X14701697Y7443540D03*
X14425807Y7175500D03*
G54D11*
X14677967Y6953540D03*
X14678017Y7150360D03*
X14677657Y7347100D03*
G54D12*
X14427217Y7416180D03*
X14553202Y7416185D03*
G54D13*
X14433154Y7422108D03*
X14547301Y7422096D03*
G54D12*
X14427217Y6884690D03*
X14553202Y6884685D03*
G54D13*
X14433124Y6878776D03*
X14547306Y6878791D03*
G54D10*
X14495837Y7664740D03*
X14469137Y7707670D03*
X14585487Y7691600D03*
X14603047Y7589560D03*
X14698477Y7591280D03*
X14368497Y7586570D03*
X14285077Y7577210D03*
X14165057Y7581460D03*
X14045887Y7579760D03*
X13940347Y7597640D03*
X13928427Y7707440D03*
X14384607Y7685420D03*
X14386227Y7736140D03*
Y7797600D03*
X14342527Y7817790D03*
X14389247Y7865340D03*
X14375387Y7946540D03*
X14395877Y8068970D03*
X14374027Y8131500D03*
X14383557Y8194380D03*
X14284507Y8194740D03*
X14178987Y8195160D03*
X14064087Y8194520D03*
X13937727Y8185750D03*
X13929287Y8091340D03*
Y7968770D03*
X13928427Y7838530D03*
X14112237Y7747230D03*
X14211207Y7826750D03*
X14111237Y8019910D03*
X14479197Y7967020D03*
X14516277Y7899680D03*
X14503377Y7838320D03*
X14595317Y7837230D03*
X14656797Y7792340D03*
X14658707Y7983190D03*
X14581647Y7946530D03*
X14582087Y8125220D03*
X14602147Y8186580D03*
X14701697Y8179760D03*
X14425807Y7911720D03*
G54D11*
X14677967Y7689760D03*
X14678017Y7886580D03*
X14677657Y8083320D03*
G54D12*
X14427217Y8152400D03*
X14553202Y8152405D03*
G54D13*
X14433154Y8158329D03*
X14547301Y8158316D03*
G54D12*
X14427217Y7620910D03*
X14553202Y7620905D03*
G54D13*
X14433124Y7614996D03*
X14547306Y7615011D03*
G54D10*
X14495837Y8400961D03*
X14469137Y8443891D03*
X14585487Y8427821D03*
X14603047Y8325781D03*
X14698477Y8327501D03*
X14368497Y8322791D03*
X14285077Y8313431D03*
X14165057Y8317681D03*
X14045887Y8315981D03*
X13940347Y8333861D03*
X13928427Y8443661D03*
X14384607Y8421641D03*
X14386227Y8472361D03*
Y8533821D03*
X14342527Y8554011D03*
X14389247Y8601561D03*
X14375387Y8682761D03*
X14395877Y8805191D03*
X14374027Y8867721D03*
X14383557Y8930601D03*
X14284507Y8930961D03*
X14178987Y8931381D03*
X14064087Y8930741D03*
X13937727Y8921971D03*
X13929287Y8827561D03*
Y8704991D03*
X13928427Y8574751D03*
X14112237Y8483451D03*
X14211207Y8562971D03*
X14111237Y8756131D03*
X14479197Y8703241D03*
X14516277Y8635901D03*
X14503377Y8574541D03*
X14595317Y8573451D03*
X14656797Y8528561D03*
X14658707Y8719411D03*
X14581647Y8682751D03*
X14582087Y8861441D03*
X14602147Y8922801D03*
X14701697Y8915981D03*
X14425807Y8647941D03*
G54D11*
X14677967Y8425981D03*
X14678017Y8622801D03*
X14677657Y8819541D03*
G54D12*
X14427217Y8888621D03*
X14553202Y8888625D03*
G54D13*
X14433154Y8894549D03*
X14547301Y8894537D03*
G54D12*
X14427217Y8357131D03*
X14553202Y8357126D03*
G54D13*
X14433124Y8351217D03*
X14547306Y8351231D03*
G54D14*
X7075644Y3886725D03*
X14902416Y8941939D03*
Y3886741D03*
G54D15*
X7203597Y8990984D03*
X7412617D03*
X7412703Y8254763D03*
X8022291Y8990984D03*
X7412855Y3837440D03*
X10841392Y8990984D03*
X8322066D03*
X8322152Y8254763D03*
X8322304Y3837440D03*
X9231514Y8990984D03*
X9231600Y8254763D03*
X9231753Y3837440D03*
X10140963Y8990984D03*
X10141049Y8254763D03*
X10141201Y3837440D03*
X7412703Y7518543D03*
X8322152D03*
X9231600D03*
X10141049D03*
X7412703Y6782322D03*
X8322152D03*
X9231600D03*
X10141049D03*
X7412703Y6046102D03*
X8322152D03*
X9231600D03*
X10141049D03*
X7412703Y5309881D03*
X8322152D03*
X9231600D03*
X10141049D03*
X7412703Y4573661D03*
X8322152D03*
X9231600D03*
X10141049D03*
X8931739Y8990984D03*
X9841188D03*
X11136668D03*
X11345688D03*
X11345774Y8254763D03*
X11955362Y8990984D03*
X11345926Y3837440D03*
X14774463Y8990984D03*
X12255137D03*
X12255222Y8254763D03*
X12255375Y3837440D03*
X13164585Y8990984D03*
X13164671Y8254763D03*
X13164823Y3837440D03*
X14074034Y8990984D03*
X14074120Y8254763D03*
X14074272Y3837440D03*
X11345774Y7518543D03*
X12255222D03*
X13164671D03*
X14074120D03*
X11345774Y6782322D03*
X12255222D03*
X13164671D03*
X14074120D03*
X11345774Y6046102D03*
X12255222D03*
X13164671D03*
X14074120D03*
X11345774Y5309881D03*
X12255222D03*
X13164671D03*
X14074120D03*
X11345774Y4573661D03*
X12255222D03*
X13164671D03*
X14074120D03*
X12864810Y8990984D03*
X13774259D03*
M02*
